-------------------------------------------------------------------------------
Test set: com.spotipie.controller.SearchEngineTests
-------------------------------------------------------------------------------
Tests run: 6, Failures: 0, Errors: 6, Skipped: 0, Time elapsed: 2.647 s <<< FAILURE! - in com.spotipie.controller.SearchEngineTests
should_upload_file  Time elapsed: 0.005 s  <<< ERROR!
java.lang.IllegalStateException: Failed to load ApplicationContext
Caused by: org.springframework.beans.factory.UnsatisfiedDependencyException: Error creating bean with name 'authorization' defined in file [C:\Users\maxen\Desktop\projects\Spotipie\spotipieBack\target\classes\com\spotipie\controller\Authorization.class]: Unsatisfied dependency expressed through constructor parameter 0; nested exception is org.springframework.beans.factory.NoSuchBeanDefinitionException: No qualifying bean of type 'com.spotipie.controller.mapper.UserAuthorizationRequestMapper' available: expected at least 1 bean which qualifies as autowire candidate. Dependency annotations: {}
Caused by: org.springframework.beans.factory.NoSuchBeanDefinitionException: No qualifying bean of type 'com.spotipie.controller.mapper.UserAuthorizationRequestMapper' available: expected at least 1 bean which qualifies as autowire candidate. Dependency annotations: {}

should_get_number_of_songs  Time elapsed: 0.001 s  <<< ERROR!
java.lang.IllegalStateException: Failed to load ApplicationContext
Caused by: org.springframework.beans.factory.UnsatisfiedDependencyException: Error creating bean with name 'authorization' defined in file [C:\Users\maxen\Desktop\projects\Spotipie\spotipieBack\target\classes\com\spotipie\controller\Authorization.class]: Unsatisfied dependency expressed through constructor parameter 0; nested exception is org.springframework.beans.factory.NoSuchBeanDefinitionException: No qualifying bean of type 'com.spotipie.controller.mapper.UserAuthorizationRequestMapper' available: expected at least 1 bean which qualifies as autowire candidate. Dependency annotations: {}
Caused by: org.springframework.beans.factory.NoSuchBeanDefinitionException: No qualifying bean of type 'com.spotipie.controller.mapper.UserAuthorizationRequestMapper' available: expected at least 1 bean which qualifies as autowire candidate. Dependency annotations: {}

should_search_for_a_song  Time elapsed: 0 s  <<< ERROR!
java.lang.IllegalStateException: Failed to load ApplicationContext
Caused by: org.springframework.beans.factory.UnsatisfiedDependencyException: Error creating bean with name 'authorization' defined in file [C:\Users\maxen\Desktop\projects\Spotipie\spotipieBack\target\classes\com\spotipie\controller\Authorization.class]: Unsatisfied dependency expressed through constructor parameter 0; nested exception is org.springframework.beans.factory.NoSuchBeanDefinitionException: No qualifying bean of type 'com.spotipie.controller.mapper.UserAuthorizationRequestMapper' available: expected at least 1 bean which qualifies as autowire candidate. Dependency annotations: {}
Caused by: org.springframework.beans.factory.NoSuchBeanDefinitionException: No qualifying bean of type 'com.spotipie.controller.mapper.UserAuthorizationRequestMapper' available: expected at least 1 bean which qualifies as autowire candidate. Dependency annotations: {}

should_get_all_played_songs  Time elapsed: 0 s  <<< ERROR!
java.lang.IllegalStateException: Failed to load ApplicationContext
Caused by: org.springframework.beans.factory.UnsatisfiedDependencyException: Error creating bean with name 'authorization' defined in file [C:\Users\maxen\Desktop\projects\Spotipie\spotipieBack\target\classes\com\spotipie\controller\Authorization.class]: Unsatisfied dependency expressed through constructor parameter 0; nested exception is org.springframework.beans.factory.NoSuchBeanDefinitionException: No qualifying bean of type 'com.spotipie.controller.mapper.UserAuthorizationRequestMapper' available: expected at least 1 bean which qualifies as autowire candidate. Dependency annotations: {}
Caused by: org.springframework.beans.factory.NoSuchBeanDefinitionException: No qualifying bean of type 'com.spotipie.controller.mapper.UserAuthorizationRequestMapper' available: expected at least 1 bean which qualifies as autowire candidate. Dependency annotations: {}

should_get_top_played_songs  Time elapsed: 0 s  <<< ERROR!
java.lang.IllegalStateException: Failed to load ApplicationContext
Caused by: org.springframework.beans.factory.UnsatisfiedDependencyException: Error creating bean with name 'authorization' defined in file [C:\Users\maxen\Desktop\projects\Spotipie\spotipieBack\target\classes\com\spotipie\controller\Authorization.class]: Unsatisfied dependency expressed through constructor parameter 0; nested exception is org.springframework.beans.factory.NoSuchBeanDefinitionException: No qualifying bean of type 'com.spotipie.controller.mapper.UserAuthorizationRequestMapper' available: expected at least 1 bean which qualifies as autowire candidate. Dependency annotations: {}
Caused by: org.springframework.beans.factory.NoSuchBeanDefinitionException: No qualifying bean of type 'com.spotipie.controller.mapper.UserAuthorizationRequestMapper' available: expected at least 1 bean which qualifies as autowire candidate. Dependency annotations: {}

should_get_played_songs_by_page  Time elapsed: 0 s  <<< ERROR!
java.lang.IllegalStateException: Failed to load ApplicationContext
Caused by: org.springframework.beans.factory.UnsatisfiedDependencyException: Error creating bean with name 'authorization' defined in file [C:\Users\maxen\Desktop\projects\Spotipie\spotipieBack\target\classes\com\spotipie\controller\Authorization.class]: Unsatisfied dependency expressed through constructor parameter 0; nested exception is org.springframework.beans.factory.NoSuchBeanDefinitionException: No qualifying bean of type 'com.spotipie.controller.mapper.UserAuthorizationRequestMapper' available: expected at least 1 bean which qualifies as autowire candidate. Dependency annotations: {}
Caused by: org.springframework.beans.factory.NoSuchBeanDefinitionException: No qualifying bean of type 'com.spotipie.controller.mapper.UserAuthorizationRequestMapper' available: expected at least 1 bean which qualifies as autowire candidate. Dependency annotations: {}

